<?xml version="1.0" encoding="UTF-8"?>
<!-- Generated by org.testng.reporters.JUnitXMLReporter -->
<testsuite ignored="0" hostname="DESKTOP-VV3J5LT" failures="0" tests="2" name="BookingTest" time="3.929" errors="0" timestamp="2020-02-29T21:25:41 PST">
  <testcase classname="bookingTesting.userAccount" name="@BeforeTest initializeStart" time="3.421">
    <failure type="org.openqa.selenium.SessionNotCreatedException" message="session not created: This version of ChromeDriver only supports Chrome version 78
Build info: version: &amp;apos;3.141.59&amp;apos;, revision: &amp;apos;e82be7d358&amp;apos;, time: &amp;apos;2018-11-14T08:17:03&amp;apos;
System info: host: &amp;apos;DESKTOP-VV3J5LT&amp;apos;, ip: &amp;apos;172.20.10.8&amp;apos;, os.name: &amp;apos;Windows 10&amp;apos;, os.arch: &amp;apos;amd64&amp;apos;, os.version: &amp;apos;10.0&amp;apos;, java.version: &amp;apos;11.0.3&amp;apos;
Driver info: driver.version: ChromeDriver
remote stacktrace: Backtrace:
	Ordinal0 [0x0100A923+1550627]
	Ordinal0 [0x00F8A731+1025841]
	Ordinal0 [0x00F0C715+509717]
	Ordinal0 [0x00E9FC68+64616]
	Ordinal0 [0x00E9C594+50580]
	Ordinal0 [0x00EBACE7+175335]
	Ordinal0 [0x00EBA8ED+174317]
	Ordinal0 [0x00EB8CDB+167131]
	Ordinal0 [0x00EA144A+70730]
	Ordinal0 [0x00EA24D0+74960]
	Ordinal0 [0x00EA2469+74857]
	Ordinal0 [0x00FA42F7+1131255]
	GetHandleVerifier [0x010A711D+523789]
	GetHandleVerifier [0x010A6EB0+523168]
	GetHandleVerifier [0x010AE207+552695]
	GetHandleVerifier [0x010A791A+525834]
	Ordinal0 [0x00F9B82C+1095724]
	Ordinal0 [0x00FA636B+1139563]
	Ordinal0 [0x00FA64D3+1139923]
	Ordinal0 [0x00FA5455+1135701]
	BaseThreadInitThunk [0x766F6359+25]
	RtlGetAppContainerNamedObjectPath [0x776E7B74+228]
	RtlGetAppContainerNamedObjectPath [0x776E7B44+180]
">
      <![CDATA[org.openqa.selenium.SessionNotCreatedException: session not created: This version of ChromeDriver only supports Chrome version 78
Build info: version: '3.141.59', revision: 'e82be7d358', time: '2018-11-14T08:17:03'
System info: host: 'DESKTOP-VV3J5LT', ip: '172.20.10.8', os.name: 'Windows 10', os.arch: 'amd64', os.version: '10.0', java.version: '11.0.3'
Driver info: driver.version: ChromeDriver
remote stacktrace: Backtrace:
Ordinal0 [0x0100A923+1550627]
Ordinal0 [0x00F8A731+1025841]
Ordinal0 [0x00F0C715+509717]
Ordinal0 [0x00E9FC68+64616]
Ordinal0 [0x00E9C594+50580]
Ordinal0 [0x00EBACE7+175335]
Ordinal0 [0x00EBA8ED+174317]
Ordinal0 [0x00EB8CDB+167131]
Ordinal0 [0x00EA144A+70730]
Ordinal0 [0x00EA24D0+74960]
Ordinal0 [0x00EA2469+74857]
Ordinal0 [0x00FA42F7+1131255]
GetHandleVerifier [0x010A711D+523789]
GetHandleVerifier [0x010A6EB0+523168]
GetHandleVerifier [0x010AE207+552695]
GetHandleVerifier [0x010A791A+525834]
Ordinal0 [0x00F9B82C+1095724]
Ordinal0 [0x00FA636B+1139563]
Ordinal0 [0x00FA64D3+1139923]
Ordinal0 [0x00FA5455+1135701]
BaseThreadInitThunk [0x766F6359+25]
RtlGetAppContainerNamedObjectPath [0x776E7B74+228]
RtlGetAppContainerNamedObjectPath [0x776E7B44+180]

at org.openqa.selenium.remote.W3CHandshakeResponse.lambda$errorHandler$0(W3CHandshakeResponse.java:62)
at org.openqa.selenium.remote.HandshakeResponse.lambda$getResponseFunction$0(HandshakeResponse.java:30)
at org.openqa.selenium.remote.ProtocolHandshake.lambda$createSession$0(ProtocolHandshake.java:126)
at java.base/java.util.stream.ReferencePipeline$3$1.accept(ReferencePipeline.java:195)
at java.base/java.util.Spliterators$ArraySpliterator.tryAdvance(Spliterators.java:958)
at java.base/java.util.stream.ReferencePipeline.forEachWithCancel(ReferencePipeline.java:127)
at java.base/java.util.stream.AbstractPipeline.copyIntoWithCancel(AbstractPipeline.java:502)
at java.base/java.util.stream.AbstractPipeline.copyInto(AbstractPipeline.java:488)
at java.base/java.util.stream.AbstractPipeline.wrapAndCopyInto(AbstractPipeline.java:474)
at java.base/java.util.stream.FindOps$FindOp.evaluateSequential(FindOps.java:150)
at java.base/java.util.stream.AbstractPipeline.evaluate(AbstractPipeline.java:234)
at java.base/java.util.stream.ReferencePipeline.findFirst(ReferencePipeline.java:543)
at org.openqa.selenium.remote.ProtocolHandshake.createSession(ProtocolHandshake.java:128)
at org.openqa.selenium.remote.ProtocolHandshake.createSession(ProtocolHandshake.java:74)
at org.openqa.selenium.remote.HttpCommandExecutor.execute(HttpCommandExecutor.java:136)
at org.openqa.selenium.remote.service.DriverCommandExecutor.execute(DriverCommandExecutor.java:83)
at org.openqa.selenium.remote.RemoteWebDriver.execute(RemoteWebDriver.java:552)
at org.openqa.selenium.remote.RemoteWebDriver.startSession(RemoteWebDriver.java:213)
at org.openqa.selenium.remote.RemoteWebDriver.<init>(RemoteWebDriver.java:131)
at org.openqa.selenium.chrome.ChromeDriver.<init>(ChromeDriver.java:181)
at org.openqa.selenium.chrome.ChromeDriver.<init>(ChromeDriver.java:168)
at org.openqa.selenium.chrome.ChromeDriver.<init>(ChromeDriver.java:123)
at resources.base.initializeDriver(base.java:65)
at bookingTesting.userAccount.initializeStart(userAccount.java:22)
at java.base/java.util.concurrent.FutureTask.run(FutureTask.java:264)
at java.base/java.util.concurrent.ThreadPoolExecutor.runWorker(ThreadPoolExecutor.java:1128)
at java.base/java.util.concurrent.ThreadPoolExecutor$Worker.run(ThreadPoolExecutor.java:628)
at java.base/java.lang.Thread.run(Thread.java:834)
... Removed 19 stack frames]]>
    </failure>
  </testcase> <!-- @BeforeTest initializeStart -->
  <testcase classname="bookingTesting.userAccount" name="@AfterTest endSession" time="-1.583040340557E9">
    <skipped/>
  </testcase> <!-- @AfterTest endSession -->
  <testcase classname="bookingTesting.userAccount" name="userTest" time="0.0">
    <skipped/>
  </testcase> <!-- userTest -->
  <testcase classname="bookingTesting.HomePage" name="PageTest" time="0.0">
    <skipped/>
  </testcase> <!-- PageTest -->
</testsuite> <!-- BookingTest -->
