<?xml version="1.0" encoding="UTF-8"?>
<!-- Generated by org.testng.reporters.JUnitXMLReporter -->
<testsuite ignored="0" hostname="DESKTOP-VV3J5LT" failures="1" tests="2" name="maiRU Test" time="7.568" errors="0" timestamp="2020-02-28T13:47:43 PST">
  <testcase classname="bookingTesting.userAccount" name="@AfterTest endSession" time="0.0">
    <failure type="java.lang.NullPointerException">
      <![CDATA[java.lang.NullPointerException
at bookingTesting.userAccount.endSession(userAccount.java:46)
at java.base/java.util.concurrent.FutureTask.run(FutureTask.java:264)
at java.base/java.util.concurrent.ThreadPoolExecutor.runWorker(ThreadPoolExecutor.java:1128)
at java.base/java.util.concurrent.ThreadPoolExecutor$Worker.run(ThreadPoolExecutor.java:628)
at java.base/java.lang.Thread.run(Thread.java:834)
... Removed 15 stack frames]]>
    </failure>
  </testcase> <!-- @AfterTest endSession -->
  <testcase classname="bookingTesting.HomePage" name="PageTest" time="0.0">
    <skipped/>
  </testcase> <!-- PageTest -->
  <testcase classname="bookingTesting.userAccount" name="userTest" time="7.026">
    <failure type="org.openqa.selenium.SessionNotCreatedException" message="session not created: This version of ChromeDriver only supports Chrome version 78
Build info: version: &amp;apos;3.141.59&amp;apos;, revision: &amp;apos;e82be7d358&amp;apos;, time: &amp;apos;2018-11-14T08:17:03&amp;apos;
System info: host: &amp;apos;DESKTOP-VV3J5LT&amp;apos;, ip: &amp;apos;192.168.1.11&amp;apos;, os.name: &amp;apos;Windows 10&amp;apos;, os.arch: &amp;apos;amd64&amp;apos;, os.version: &amp;apos;10.0&amp;apos;, java.version: &amp;apos;11.0.3&amp;apos;
Driver info: driver.version: ChromeDriver
remote stacktrace: Backtrace:
	Ordinal0 [0x00A2A923+1550627]
	Ordinal0 [0x009AA731+1025841]
	Ordinal0 [0x0092C715+509717]
	Ordinal0 [0x008BFC68+64616]
	Ordinal0 [0x008BC594+50580]
	Ordinal0 [0x008DACE7+175335]
	Ordinal0 [0x008DA8ED+174317]
	Ordinal0 [0x008D8CDB+167131]
	Ordinal0 [0x008C144A+70730]
	Ordinal0 [0x008C24D0+74960]
	Ordinal0 [0x008C2469+74857]
	Ordinal0 [0x009C42F7+1131255]
	GetHandleVerifier [0x00AC711D+523789]
	GetHandleVerifier [0x00AC6EB0+523168]
	GetHandleVerifier [0x00ACE207+552695]
	GetHandleVerifier [0x00AC791A+525834]
	Ordinal0 [0x009BB82C+1095724]
	Ordinal0 [0x009C636B+1139563]
	Ordinal0 [0x009C64D3+1139923]
	Ordinal0 [0x009C5455+1135701]
	BaseThreadInitThunk [0x76EB6359+25]
	RtlGetAppContainerNamedObjectPath [0x77B77B74+228]
	RtlGetAppContainerNamedObjectPath [0x77B77B44+180]
">
      <![CDATA[org.openqa.selenium.SessionNotCreatedException: session not created: This version of ChromeDriver only supports Chrome version 78
Build info: version: '3.141.59', revision: 'e82be7d358', time: '2018-11-14T08:17:03'
System info: host: 'DESKTOP-VV3J5LT', ip: '192.168.1.11', os.name: 'Windows 10', os.arch: 'amd64', os.version: '10.0', java.version: '11.0.3'
Driver info: driver.version: ChromeDriver
remote stacktrace: Backtrace:
Ordinal0 [0x00A2A923+1550627]
Ordinal0 [0x009AA731+1025841]
Ordinal0 [0x0092C715+509717]
Ordinal0 [0x008BFC68+64616]
Ordinal0 [0x008BC594+50580]
Ordinal0 [0x008DACE7+175335]
Ordinal0 [0x008DA8ED+174317]
Ordinal0 [0x008D8CDB+167131]
Ordinal0 [0x008C144A+70730]
Ordinal0 [0x008C24D0+74960]
Ordinal0 [0x008C2469+74857]
Ordinal0 [0x009C42F7+1131255]
GetHandleVerifier [0x00AC711D+523789]
GetHandleVerifier [0x00AC6EB0+523168]
GetHandleVerifier [0x00ACE207+552695]
GetHandleVerifier [0x00AC791A+525834]
Ordinal0 [0x009BB82C+1095724]
Ordinal0 [0x009C636B+1139563]
Ordinal0 [0x009C64D3+1139923]
Ordinal0 [0x009C5455+1135701]
BaseThreadInitThunk [0x76EB6359+25]
RtlGetAppContainerNamedObjectPath [0x77B77B74+228]
RtlGetAppContainerNamedObjectPath [0x77B77B44+180]

at org.openqa.selenium.remote.W3CHandshakeResponse.lambda$errorHandler$0(W3CHandshakeResponse.java:62)
at org.openqa.selenium.remote.HandshakeResponse.lambda$getResponseFunction$0(HandshakeResponse.java:30)
at org.openqa.selenium.remote.ProtocolHandshake.lambda$createSession$0(ProtocolHandshake.java:126)
at java.base/java.util.stream.ReferencePipeline$3$1.accept(ReferencePipeline.java:195)
at java.base/java.util.Spliterators$ArraySpliterator.tryAdvance(Spliterators.java:958)
at java.base/java.util.stream.ReferencePipeline.forEachWithCancel(ReferencePipeline.java:127)
at java.base/java.util.stream.AbstractPipeline.copyIntoWithCancel(AbstractPipeline.java:502)
at java.base/java.util.stream.AbstractPipeline.copyInto(AbstractPipeline.java:488)
at java.base/java.util.stream.AbstractPipeline.wrapAndCopyInto(AbstractPipeline.java:474)
at java.base/java.util.stream.FindOps$FindOp.evaluateSequential(FindOps.java:150)
at java.base/java.util.stream.AbstractPipeline.evaluate(AbstractPipeline.java:234)
at java.base/java.util.stream.ReferencePipeline.findFirst(ReferencePipeline.java:543)
at org.openqa.selenium.remote.ProtocolHandshake.createSession(ProtocolHandshake.java:128)
at org.openqa.selenium.remote.ProtocolHandshake.createSession(ProtocolHandshake.java:74)
at org.openqa.selenium.remote.HttpCommandExecutor.execute(HttpCommandExecutor.java:136)
at org.openqa.selenium.remote.service.DriverCommandExecutor.execute(DriverCommandExecutor.java:83)
at org.openqa.selenium.remote.RemoteWebDriver.execute(RemoteWebDriver.java:552)
at org.openqa.selenium.remote.RemoteWebDriver.startSession(RemoteWebDriver.java:213)
at org.openqa.selenium.remote.RemoteWebDriver.<init>(RemoteWebDriver.java:131)
at org.openqa.selenium.chrome.ChromeDriver.<init>(ChromeDriver.java:181)
at org.openqa.selenium.chrome.ChromeDriver.<init>(ChromeDriver.java:168)
at org.openqa.selenium.chrome.ChromeDriver.<init>(ChromeDriver.java:123)
at resources.base.initializeDriver(base.java:60)
at bookingTesting.userAccount.userTest(userAccount.java:21)
at java.base/java.util.ArrayList.forEach(ArrayList.java:1540)
at java.base/java.util.concurrent.FutureTask.run(FutureTask.java:264)
at java.base/java.util.concurrent.ThreadPoolExecutor.runWorker(ThreadPoolExecutor.java:1128)
at java.base/java.util.concurrent.ThreadPoolExecutor$Worker.run(ThreadPoolExecutor.java:628)
at java.base/java.lang.Thread.run(Thread.java:834)
... Removed 22 stack frames]]>
    </failure>
  </testcase> <!-- userTest -->
</testsuite> <!-- maiRU Test -->
