<?xml version="1.0" encoding="UTF-8"?>
<testng-results ignored="0" total="1" passed="0" failed="0" skipped="1">
  <reporter-output>
  </reporter-output>
  <suite started-at="2020-02-29T21:25:36 PST" name="Suite" finished-at="2020-02-29T21:25:40 PST" duration-ms="3929">
    <groups>
    </groups>
    <test started-at="2020-02-29T21:25:36 PST" name="BookingTest" finished-at="2020-02-29T21:25:40 PST" duration-ms="3929">
      <class name="bookingTesting.HomePage">
        <test-method is-config="true" signature="initialize()[pri:0, instance:bookingTesting.HomePage@1ae67cad]" started-at="2020-02-29T21:25:36 PST" name="initialize" finished-at="2020-02-29T21:25:40 PST" duration-ms="3904" status="FAIL">
          <exception class="org.openqa.selenium.SessionNotCreatedException">
            <message>
              <![CDATA[session not created: This version of ChromeDriver only supports Chrome version 78
Build info: version: '3.141.59', revision: 'e82be7d358', time: '2018-11-14T08:17:03'
System info: host: 'DESKTOP-VV3J5LT', ip: '172.20.10.8', os.name: 'Windows 10', os.arch: 'amd64', os.version: '10.0', java.version: '11.0.3'
Driver info: driver.version: ChromeDriver
remote stacktrace: Backtrace:
Ordinal0 [0x0100A923+1550627]
Ordinal0 [0x00F8A731+1025841]
Ordinal0 [0x00F0C715+509717]
Ordinal0 [0x00E9FC68+64616]
Ordinal0 [0x00E9C594+50580]
Ordinal0 [0x00EBACE7+175335]
Ordinal0 [0x00EBA8ED+174317]
Ordinal0 [0x00EB8CDB+167131]
Ordinal0 [0x00EA144A+70730]
Ordinal0 [0x00EA24D0+74960]
Ordinal0 [0x00EA2469+74857]
Ordinal0 [0x00FA42F7+1131255]
GetHandleVerifier [0x010A711D+523789]
GetHandleVerifier [0x010A6EB0+523168]
GetHandleVerifier [0x010AE207+552695]
GetHandleVerifier [0x010A791A+525834]
Ordinal0 [0x00F9B82C+1095724]
Ordinal0 [0x00FA636B+1139563]
Ordinal0 [0x00FA64D3+1139923]
Ordinal0 [0x00FA5455+1135701]
BaseThreadInitThunk [0x766F6359+25]
RtlGetAppContainerNamedObjectPath [0x776E7B74+228]
RtlGetAppContainerNamedObjectPath [0x776E7B44+180]
]]>
            </message>
            <full-stacktrace>
              <![CDATA[org.openqa.selenium.SessionNotCreatedException: session not created: This version of ChromeDriver only supports Chrome version 78
Build info: version: '3.141.59', revision: 'e82be7d358', time: '2018-11-14T08:17:03'
System info: host: 'DESKTOP-VV3J5LT', ip: '172.20.10.8', os.name: 'Windows 10', os.arch: 'amd64', os.version: '10.0', java.version: '11.0.3'
Driver info: driver.version: ChromeDriver
remote stacktrace: Backtrace:
Ordinal0 [0x0100A923+1550627]
Ordinal0 [0x00F8A731+1025841]
Ordinal0 [0x00F0C715+509717]
Ordinal0 [0x00E9FC68+64616]
Ordinal0 [0x00E9C594+50580]
Ordinal0 [0x00EBACE7+175335]
Ordinal0 [0x00EBA8ED+174317]
Ordinal0 [0x00EB8CDB+167131]
Ordinal0 [0x00EA144A+70730]
Ordinal0 [0x00EA24D0+74960]
Ordinal0 [0x00EA2469+74857]
Ordinal0 [0x00FA42F7+1131255]
GetHandleVerifier [0x010A711D+523789]
GetHandleVerifier [0x010A6EB0+523168]
GetHandleVerifier [0x010AE207+552695]
GetHandleVerifier [0x010A791A+525834]
Ordinal0 [0x00F9B82C+1095724]
Ordinal0 [0x00FA636B+1139563]
Ordinal0 [0x00FA64D3+1139923]
Ordinal0 [0x00FA5455+1135701]
BaseThreadInitThunk [0x766F6359+25]
RtlGetAppContainerNamedObjectPath [0x776E7B74+228]
RtlGetAppContainerNamedObjectPath [0x776E7B44+180]

at java.base/jdk.internal.reflect.NativeConstructorAccessorImpl.newInstance0(Native Method)
at java.base/jdk.internal.reflect.NativeConstructorAccessorImpl.newInstance(NativeConstructorAccessorImpl.java:62)
at java.base/jdk.internal.reflect.DelegatingConstructorAccessorImpl.newInstance(DelegatingConstructorAccessorImpl.java:45)
at java.base/java.lang.reflect.Constructor.newInstance(Constructor.java:490)
at org.openqa.selenium.remote.W3CHandshakeResponse.lambda$errorHandler$0(W3CHandshakeResponse.java:62)
at org.openqa.selenium.remote.HandshakeResponse.lambda$getResponseFunction$0(HandshakeResponse.java:30)
at org.openqa.selenium.remote.ProtocolHandshake.lambda$createSession$0(ProtocolHandshake.java:126)
at java.base/java.util.stream.ReferencePipeline$3$1.accept(ReferencePipeline.java:195)
at java.base/java.util.Spliterators$ArraySpliterator.tryAdvance(Spliterators.java:958)
at java.base/java.util.stream.ReferencePipeline.forEachWithCancel(ReferencePipeline.java:127)
at java.base/java.util.stream.AbstractPipeline.copyIntoWithCancel(AbstractPipeline.java:502)
at java.base/java.util.stream.AbstractPipeline.copyInto(AbstractPipeline.java:488)
at java.base/java.util.stream.AbstractPipeline.wrapAndCopyInto(AbstractPipeline.java:474)
at java.base/java.util.stream.FindOps$FindOp.evaluateSequential(FindOps.java:150)
at java.base/java.util.stream.AbstractPipeline.evaluate(AbstractPipeline.java:234)
at java.base/java.util.stream.ReferencePipeline.findFirst(ReferencePipeline.java:543)
at org.openqa.selenium.remote.ProtocolHandshake.createSession(ProtocolHandshake.java:128)
at org.openqa.selenium.remote.ProtocolHandshake.createSession(ProtocolHandshake.java:74)
at org.openqa.selenium.remote.HttpCommandExecutor.execute(HttpCommandExecutor.java:136)
at org.openqa.selenium.remote.service.DriverCommandExecutor.execute(DriverCommandExecutor.java:83)
at org.openqa.selenium.remote.RemoteWebDriver.execute(RemoteWebDriver.java:552)
at org.openqa.selenium.remote.RemoteWebDriver.startSession(RemoteWebDriver.java:213)
at org.openqa.selenium.remote.RemoteWebDriver.<init>(RemoteWebDriver.java:131)
at org.openqa.selenium.chrome.ChromeDriver.<init>(ChromeDriver.java:181)
at org.openqa.selenium.chrome.ChromeDriver.<init>(ChromeDriver.java:168)
at org.openqa.selenium.chrome.ChromeDriver.<init>(ChromeDriver.java:123)
at resources.base.initializeDriver(base.java:65)
at bookingTesting.HomePage.initialize(HomePage.java:27)
at java.base/jdk.internal.reflect.NativeMethodAccessorImpl.invoke0(Native Method)
at java.base/jdk.internal.reflect.NativeMethodAccessorImpl.invoke(NativeMethodAccessorImpl.java:62)
at java.base/jdk.internal.reflect.DelegatingMethodAccessorImpl.invoke(DelegatingMethodAccessorImpl.java:43)
at java.base/java.lang.reflect.Method.invoke(Method.java:566)
at org.testng.internal.MethodInvocationHelper.invokeMethod(MethodInvocationHelper.java:133)
at org.testng.internal.MethodInvocationHelper.invokeMethodConsideringTimeout(MethodInvocationHelper.java:62)
at org.testng.internal.ConfigInvoker.invokeConfigurationMethod(ConfigInvoker.java:340)
at org.testng.internal.ConfigInvoker.invokeConfigurations(ConfigInvoker.java:294)
at org.testng.TestRunner.invokeTestConfigurations(TestRunner.java:623)
at org.testng.TestRunner.beforeRun(TestRunner.java:613)
at org.testng.TestRunner.run(TestRunner.java:584)
at org.testng.SuiteRunner.runTest(SuiteRunner.java:402)
at org.testng.SuiteRunner.access$000(SuiteRunner.java:41)
at org.testng.SuiteRunner$SuiteWorker.run(SuiteRunner.java:443)
at org.testng.internal.thread.ThreadUtil.lambda$execute$0(ThreadUtil.java:67)
at java.base/java.util.concurrent.FutureTask.run(FutureTask.java:264)
at java.base/java.util.concurrent.ThreadPoolExecutor.runWorker(ThreadPoolExecutor.java:1128)
at java.base/java.util.concurrent.ThreadPoolExecutor$Worker.run(ThreadPoolExecutor.java:628)
at java.base/java.lang.Thread.run(Thread.java:834)
]]>
            </full-stacktrace>
          </exception> <!-- org.openqa.selenium.SessionNotCreatedException -->
          <reporter-output>
          </reporter-output>
        </test-method> <!-- initialize -->
        <test-method is-config="true" signature="endSession()[pri:0, instance:bookingTesting.HomePage@1ae67cad]" started-at="2020-02-29T21:25:40 PST" name="endSession" finished-at="1969-12-31T16:00:00 PST" duration-ms="-1583040340658" status="SKIP">
          <reporter-output>
          </reporter-output>
        </test-method> <!-- endSession -->
        <test-method signature="PageTest(java.lang.String, java.lang.String)[pri:0, instance:bookingTesting.HomePage@1ae67cad]" started-at="2020-02-29T21:25:40 PST" name="PageTest" data-provider="firstUserAndPass" finished-at="2020-02-29T21:25:40 PST" duration-ms="0" status="SKIP">
          <exception class="org.openqa.selenium.SessionNotCreatedException">
            <message>
              <![CDATA[session not created: This version of ChromeDriver only supports Chrome version 78
Build info: version: '3.141.59', revision: 'e82be7d358', time: '2018-11-14T08:17:03'
System info: host: 'DESKTOP-VV3J5LT', ip: '172.20.10.8', os.name: 'Windows 10', os.arch: 'amd64', os.version: '10.0', java.version: '11.0.3'
Driver info: driver.version: ChromeDriver
remote stacktrace: Backtrace:
Ordinal0 [0x0100A923+1550627]
Ordinal0 [0x00F8A731+1025841]
Ordinal0 [0x00F0C715+509717]
Ordinal0 [0x00E9FC68+64616]
Ordinal0 [0x00E9C594+50580]
Ordinal0 [0x00EBACE7+175335]
Ordinal0 [0x00EBA8ED+174317]
Ordinal0 [0x00EB8CDB+167131]
Ordinal0 [0x00EA144A+70730]
Ordinal0 [0x00EA24D0+74960]
Ordinal0 [0x00EA2469+74857]
Ordinal0 [0x00FA42F7+1131255]
GetHandleVerifier [0x010A711D+523789]
GetHandleVerifier [0x010A6EB0+523168]
GetHandleVerifier [0x010AE207+552695]
GetHandleVerifier [0x010A791A+525834]
Ordinal0 [0x00F9B82C+1095724]
Ordinal0 [0x00FA636B+1139563]
Ordinal0 [0x00FA64D3+1139923]
Ordinal0 [0x00FA5455+1135701]
BaseThreadInitThunk [0x766F6359+25]
RtlGetAppContainerNamedObjectPath [0x776E7B74+228]
RtlGetAppContainerNamedObjectPath [0x776E7B44+180]
]]>
            </message>
            <full-stacktrace>
              <![CDATA[org.openqa.selenium.SessionNotCreatedException: session not created: This version of ChromeDriver only supports Chrome version 78
Build info: version: '3.141.59', revision: 'e82be7d358', time: '2018-11-14T08:17:03'
System info: host: 'DESKTOP-VV3J5LT', ip: '172.20.10.8', os.name: 'Windows 10', os.arch: 'amd64', os.version: '10.0', java.version: '11.0.3'
Driver info: driver.version: ChromeDriver
remote stacktrace: Backtrace:
Ordinal0 [0x0100A923+1550627]
Ordinal0 [0x00F8A731+1025841]
Ordinal0 [0x00F0C715+509717]
Ordinal0 [0x00E9FC68+64616]
Ordinal0 [0x00E9C594+50580]
Ordinal0 [0x00EBACE7+175335]
Ordinal0 [0x00EBA8ED+174317]
Ordinal0 [0x00EB8CDB+167131]
Ordinal0 [0x00EA144A+70730]
Ordinal0 [0x00EA24D0+74960]
Ordinal0 [0x00EA2469+74857]
Ordinal0 [0x00FA42F7+1131255]
GetHandleVerifier [0x010A711D+523789]
GetHandleVerifier [0x010A6EB0+523168]
GetHandleVerifier [0x010AE207+552695]
GetHandleVerifier [0x010A791A+525834]
Ordinal0 [0x00F9B82C+1095724]
Ordinal0 [0x00FA636B+1139563]
Ordinal0 [0x00FA64D3+1139923]
Ordinal0 [0x00FA5455+1135701]
BaseThreadInitThunk [0x766F6359+25]
RtlGetAppContainerNamedObjectPath [0x776E7B74+228]
RtlGetAppContainerNamedObjectPath [0x776E7B44+180]

at java.base/jdk.internal.reflect.NativeConstructorAccessorImpl.newInstance0(Native Method)
at java.base/jdk.internal.reflect.NativeConstructorAccessorImpl.newInstance(NativeConstructorAccessorImpl.java:62)
at java.base/jdk.internal.reflect.DelegatingConstructorAccessorImpl.newInstance(DelegatingConstructorAccessorImpl.java:45)
at java.base/java.lang.reflect.Constructor.newInstance(Constructor.java:490)
at org.openqa.selenium.remote.W3CHandshakeResponse.lambda$errorHandler$0(W3CHandshakeResponse.java:62)
at org.openqa.selenium.remote.HandshakeResponse.lambda$getResponseFunction$0(HandshakeResponse.java:30)
at org.openqa.selenium.remote.ProtocolHandshake.lambda$createSession$0(ProtocolHandshake.java:126)
at java.base/java.util.stream.ReferencePipeline$3$1.accept(ReferencePipeline.java:195)
at java.base/java.util.Spliterators$ArraySpliterator.tryAdvance(Spliterators.java:958)
at java.base/java.util.stream.ReferencePipeline.forEachWithCancel(ReferencePipeline.java:127)
at java.base/java.util.stream.AbstractPipeline.copyIntoWithCancel(AbstractPipeline.java:502)
at java.base/java.util.stream.AbstractPipeline.copyInto(AbstractPipeline.java:488)
at java.base/java.util.stream.AbstractPipeline.wrapAndCopyInto(AbstractPipeline.java:474)
at java.base/java.util.stream.FindOps$FindOp.evaluateSequential(FindOps.java:150)
at java.base/java.util.stream.AbstractPipeline.evaluate(AbstractPipeline.java:234)
at java.base/java.util.stream.ReferencePipeline.findFirst(ReferencePipeline.java:543)
at org.openqa.selenium.remote.ProtocolHandshake.createSession(ProtocolHandshake.java:128)
at org.openqa.selenium.remote.ProtocolHandshake.createSession(ProtocolHandshake.java:74)
at org.openqa.selenium.remote.HttpCommandExecutor.execute(HttpCommandExecutor.java:136)
at org.openqa.selenium.remote.service.DriverCommandExecutor.execute(DriverCommandExecutor.java:83)
at org.openqa.selenium.remote.RemoteWebDriver.execute(RemoteWebDriver.java:552)
at org.openqa.selenium.remote.RemoteWebDriver.startSession(RemoteWebDriver.java:213)
at org.openqa.selenium.remote.RemoteWebDriver.<init>(RemoteWebDriver.java:131)
at org.openqa.selenium.chrome.ChromeDriver.<init>(ChromeDriver.java:181)
at org.openqa.selenium.chrome.ChromeDriver.<init>(ChromeDriver.java:168)
at org.openqa.selenium.chrome.ChromeDriver.<init>(ChromeDriver.java:123)
at resources.base.initializeDriver(base.java:65)
at bookingTesting.HomePage.initialize(HomePage.java:27)
at java.base/jdk.internal.reflect.NativeMethodAccessorImpl.invoke0(Native Method)
at java.base/jdk.internal.reflect.NativeMethodAccessorImpl.invoke(NativeMethodAccessorImpl.java:62)
at java.base/jdk.internal.reflect.DelegatingMethodAccessorImpl.invoke(DelegatingMethodAccessorImpl.java:43)
at java.base/java.lang.reflect.Method.invoke(Method.java:566)
at org.testng.internal.MethodInvocationHelper.invokeMethod(MethodInvocationHelper.java:133)
at org.testng.internal.MethodInvocationHelper.invokeMethodConsideringTimeout(MethodInvocationHelper.java:62)
at org.testng.internal.ConfigInvoker.invokeConfigurationMethod(ConfigInvoker.java:340)
at org.testng.internal.ConfigInvoker.invokeConfigurations(ConfigInvoker.java:294)
at org.testng.TestRunner.invokeTestConfigurations(TestRunner.java:623)
at org.testng.TestRunner.beforeRun(TestRunner.java:613)
at org.testng.TestRunner.run(TestRunner.java:584)
at org.testng.SuiteRunner.runTest(SuiteRunner.java:402)
at org.testng.SuiteRunner.access$000(SuiteRunner.java:41)
at org.testng.SuiteRunner$SuiteWorker.run(SuiteRunner.java:443)
at org.testng.internal.thread.ThreadUtil.lambda$execute$0(ThreadUtil.java:67)
at java.base/java.util.concurrent.FutureTask.run(FutureTask.java:264)
at java.base/java.util.concurrent.ThreadPoolExecutor.runWorker(ThreadPoolExecutor.java:1128)
at java.base/java.util.concurrent.ThreadPoolExecutor$Worker.run(ThreadPoolExecutor.java:628)
at java.base/java.lang.Thread.run(Thread.java:834)
]]>
            </full-stacktrace>
          </exception> <!-- org.openqa.selenium.SessionNotCreatedException -->
          <reporter-output>
          </reporter-output>
        </test-method> <!-- PageTest -->
      </class> <!-- bookingTesting.HomePage -->
    </test> <!-- BookingTest -->
  </suite> <!-- Suite -->
</testng-results>
